=N:[UVMSource] Using sources from 'C:\Users\Mustafa\Altair\DSim\2025\uvm\1.2'
=N:[UsageMeter (2025-03-18 10:41:41 Türkiye Standart Saati)] usage server initial connection
=N:[License] 
Licensed for Altair DSim Cloud.
=N:[License] New lease granted.
Analyzing...
Elaborating...
  Top-level modules:
    $unit
    tbench_top
=W:[IneffectiveDynamicCast]:
    The following dynamic $cast cases will always be false    

    C:\Users\Mustafa\Altair\DSim\2025\uvm\1.2\src\base\uvm_callback.svh:521:9             class uvm_pkg::uvm_callbacks#(class uvm_pkg::uvm_phase,class uvm_pkg::uvm_phase_cb)    class uvm_pkg::uvm_callbacks#(class uvm_pkg::uvm_phase,class uvm_pkg::uvm_callback)    
    Included from C:\Users\Mustafa\Altair\DSim\2025\uvm\1.2\src\base\uvm_base.svh:76:3                                                                                                                                                                                  
    Included from C:\Users\Mustafa\Altair\DSim\2025\uvm\1.2\src\uvm_pkg.sv:31:3                                                                                                                                                                                         

    C:\Users\Mustafa\Altair\DSim\2025\uvm\1.2\src\base\uvm_callback.svh:671:12            class uvm_pkg::uvm_phase                                                               class uvm_pkg::uvm_report_object                                                       
    Included from C:\Users\Mustafa\Altair\DSim\2025\uvm\1.2\src\base\uvm_base.svh:76:3                                                                                                                                                                                  

    C:\Users\Mustafa\Altair\DSim\2025\uvm\1.2\src\base\uvm_callback.svh:731:10            class uvm_pkg::uvm_component                                                           class uvm_pkg::uvm_phase                                                               
    Included from C:\Users\Mustafa\Altair\DSim\2025\uvm\1.2\src\base\uvm_base.svh:76:3                                                                                                                                                                                  

    C:\Users\Mustafa\Altair\DSim\2025\uvm\1.2\src\base\uvm_callback.svh:808:10            class uvm_pkg::uvm_component                                                           class uvm_pkg::uvm_phase                                                               
    Included from C:\Users\Mustafa\Altair\DSim\2025\uvm\1.2\src\base\uvm_base.svh:76:3                                                                                                                                                                                  

=W:[IneffectiveDynamicCast]:
    The following dynamic $cast cases will always be false    

    From definition of uvm_do_on_pri_with at C:\Users\Mustafa\Altair\DSim\2025\uvm\1.2\src\macros\uvm_sequence_defines.svh:203:8    class mem_seq_item    class uvm_pkg::uvm_sequence_base    
    Expanded from uvm_do_with at C:\Users\Mustafa\Altair\DSim\2025\uvm\1.2\src\macros\uvm_sequence_defines.svh:114:3                                                                          
    Expanded from .\tb\mem_sequence.sv:49:5                                                                                                                                                   
    Included from .\tb\mem_agent.sv:5:1                                                                                                                                                       
    Included from .\tb\mem_env.sv:3:1                                                                                                                                                         
    Included from .\tb\mem_base_test.sv:7:1                                                                                                                                                   
    Included from tb\testbench.sv:8:1                                                                                                                                                         

    From definition of uvm_do_on_pri_with at C:\Users\Mustafa\Altair\DSim\2025\uvm\1.2\src\macros\uvm_sequence_defines.svh:207:8    class mem_seq_item    class uvm_pkg::uvm_sequence_base    
    Expanded from uvm_do_with at C:\Users\Mustafa\Altair\DSim\2025\uvm\1.2\src\macros\uvm_sequence_defines.svh:114:3                                                                          
    Expanded from .\tb\mem_sequence.sv:49:5                                                                                                                                                   
    Included from .\tb\mem_agent.sv:5:1                                                                                                                                                       

    From definition of uvm_do_on_pri_with at C:\Users\Mustafa\Altair\DSim\2025\uvm\1.2\src\macros\uvm_sequence_defines.svh:203:8    class mem_seq_item    class uvm_pkg::uvm_sequence_base    
    Expanded from uvm_do_with at C:\Users\Mustafa\Altair\DSim\2025\uvm\1.2\src\macros\uvm_sequence_defines.svh:114:3                                                                          
    Expanded from .\tb\mem_sequence.sv:69:5                                                                                                                                                   
    Included from .\tb\mem_agent.sv:5:1                                                                                                                                                       

    From definition of uvm_do_on_pri_with at C:\Users\Mustafa\Altair\DSim\2025\uvm\1.2\src\macros\uvm_sequence_defines.svh:207:8    class mem_seq_item    class uvm_pkg::uvm_sequence_base    
    Expanded from uvm_do_with at C:\Users\Mustafa\Altair\DSim\2025\uvm\1.2\src\macros\uvm_sequence_defines.svh:114:3                                                                          
    Expanded from .\tb\mem_sequence.sv:69:5                                                                                                                                                   
    Included from .\tb\mem_agent.sv:5:1                                                                                                                                                       

    From definition of uvm_do_on_pri_with at C:\Users\Mustafa\Altair\DSim\2025\uvm\1.2\src\macros\uvm_sequence_defines.svh:203:8    class mem_seq_item    class uvm_pkg::uvm_sequence_base    
    Expanded from uvm_do_with at C:\Users\Mustafa\Altair\DSim\2025\uvm\1.2\src\macros\uvm_sequence_defines.svh:114:3                                                                          
    Expanded from .\tb\mem_sequence.sv:89:5                                                                                                                                                   
    Included from .\tb\mem_agent.sv:5:1                                                                                                                                                       

    From definition of uvm_do_on_pri_with at C:\Users\Mustafa\Altair\DSim\2025\uvm\1.2\src\macros\uvm_sequence_defines.svh:207:8    class mem_seq_item    class uvm_pkg::uvm_sequence_base    
    Expanded from uvm_do_with at C:\Users\Mustafa\Altair\DSim\2025\uvm\1.2\src\macros\uvm_sequence_defines.svh:114:3                                                                          
    Expanded from .\tb\mem_sequence.sv:89:5                                                                                                                                                   
    Included from .\tb\mem_agent.sv:5:1                                                                                                                                                       

    From definition of uvm_do_on_pri_with at C:\Users\Mustafa\Altair\DSim\2025\uvm\1.2\src\macros\uvm_sequence_defines.svh:203:8    class mem_seq_item    class uvm_pkg::uvm_sequence_base    
    Expanded from uvm_do_with at C:\Users\Mustafa\Altair\DSim\2025\uvm\1.2\src\macros\uvm_sequence_defines.svh:114:3                                                                          
    Expanded from .\tb\mem_sequence.sv:90:5                                                                                                                                                   
    Included from .\tb\mem_agent.sv:5:1                                                                                                                                                       

    From definition of uvm_do_on_pri_with at C:\Users\Mustafa\Altair\DSim\2025\uvm\1.2\src\macros\uvm_sequence_defines.svh:207:8    class mem_seq_item    class uvm_pkg::uvm_sequence_base    
    Expanded from uvm_do_with at C:\Users\Mustafa\Altair\DSim\2025\uvm\1.2\src\macros\uvm_sequence_defines.svh:114:3                                                                          
    Expanded from .\tb\mem_sequence.sv:90:5                                                                                                                                                   
    Included from .\tb\mem_agent.sv:5:1                                                                                                                                                       

=W:[ExprStmtNotVoid]:
    The following expressions used as statements do not have void type:    

    .\tb\mem_sequence.sv:26:5              int    
    Included from .\tb\mem_agent.sv:5:1           

  Found 6 unique specialization(s) of 6 design element(s).
Optimizing...
Building models...
PLI/VPI access: (none) 
Simulation time precision is 1ps.
Linking image.so...
=N:[RootSeed] Using random seed ea8c300d7ada13d7900b337293270fe1c41dc81c0baf189d27d223e12211cb46.
Using default typical min/typ/max.
=S:Begin run-time elaboration and static initialization...
UVM_INFO C:\Users\Mustafa\Altair\DSim\2025\uvm\1.2\src\base\uvm_root.svh(392) @ 0: reporter [UVM/RELNOTES] 
----------------------------------------------------------------
UVM-1.2
(C) 2007-2014 Mentor Graphics Corporation
(C) 2007-2014 Cadence Design Systems, Inc.
(C) 2006-2014 Synopsys, Inc.
(C) 2011-2013 Cypress Semiconductor Corp.
(C) 2013-2014 NVIDIA Corporation
----------------------------------------------------------------

  ***********       IMPORTANT RELEASE NOTES         ************

  You are using a version of the UVM library that has been compiled
  with `UVM_NO_DEPRECATED undefined.
  See http://www.eda.org/svdb/view.php?id=3313 for more details.

  You are using a version of the UVM library that has been compiled
  with `UVM_OBJECT_DO_NOT_NEED_CONSTRUCTOR undefined.
  See http://www.eda.org/svdb/view.php?id=3770 for more details.

      (Specify +UVM_NO_RELNOTES to turn off this notice)

=N:Starting event scheduler...
UVM_FATAL @ 0: reporter [NOCOMP] No components instantiated. You must either instantiate at least one component before calling run_test or use run_test to do so. To run a test using run_test, use +UVM_TESTNAME or supply the test name in the argument to run_test(). Exiting simulation.
UVM_INFO C:\Users\Mustafa\Altair\DSim\2025\uvm\1.2\src\base\uvm_report_server.svh(847) @ 0: reporter [UVM/REPORT/SERVER] 
--- UVM Report Summary ---

** Report counts by severity
UVM_INFO :    1
UVM_WARNING :    0
UVM_ERROR :    0
UVM_FATAL :    1
** Report counts by id
[NOCOMP]     1
[UVM/RELNOTES]     1

=T:Simulation terminated by $finish at time 0 (C:\Users\Mustafa\Altair\DSim\2025\uvm\1.2\src\base\uvm_root.svh:135);
Run directory: C:\Users\Mustafa\Desktop\Yongatek\verification\memory_model
  System timescale is 1ps / 1ps
  Altair DSim version: 2025.0.0000 (b:S #c:32 h:e6a01125e5 os:msys2_)
  Random seed: ea8c300d7ada13d7900b337293270fe1c41dc81c0baf189d27d223e12211cb46
